TRAINING LOG
Reading training data.
Training label guesser.
Reading development data.
Setting label guesses.
Estimating lemmatizer parameters.
  Train pass 1:
    Dev acc: 96.2449%
  Train pass 2:
    Dev acc: 97.6115%
  Train pass 3:
    Dev acc: 98.1608%
  Train pass 4:
    Dev acc: 98.4162%
  Train pass 5:
    Dev acc: 98.578%
  Train pass 6:
    Dev acc: 98.6887%
  Train pass 7:
    Dev acc: 98.8122%
  Train pass 8:
    Dev acc: 98.8675%
  Train pass 9:
    Dev acc: 98.9101%
  Train pass 10:
    Dev acc: 98.9271%
  Final dev acc: 98.9271%
Estimating tagger parameters.
  Train pass 1

    Dev acc: 98.3666%
  Train pass 2

    Dev acc: 99.258%
  Train pass 3

    Dev acc: 99.629%
  Train pass 4

    Dev acc: 99.7453%
  Train pass 5

    Dev acc: 99.7896%
  Final dev acc: 99.7896%
Storing model.

real	6m50.229s
user	6m47.862s
sys	0m2.334s
LOAD MODEL LOG
../../bin/finnpos-label: Loading tagger.
../../bin/finnpos-label: Reading from STDIN. Writing to STDOUT.

real	0m2.908s
user	0m2.765s
sys	0m0.144s
LABEL LOG
../../bin/finnpos-label: Loading tagger.
../../bin/finnpos-label: Reading from STDIN. Writing to STDOUT.

real	0m4.123s
user	0m3.945s
sys	0m0.179s
EVAL LOG
Comparing omorfi_all_sl_config.tagged and ../../data/tdt/tdt.omorfi.test.feats (gold standard).
Label accuracy for all words: 0.963854
Label accuracy for IV words:  0.975777
Label accuracy for OOV words: 0.918413
Lemma accuracy for all words: 0.92579
Lemma accuracy for IV words:  0.990507
Lemma accuracy for OOV words: 0.679142
