TRAINING LOG
Reading training data.
Training label guesser.
Reading development data.
Setting label guesses.
Estimating lemmatizer parameters.
  Train pass 1:
    Dev acc: 96.2449%
  Train pass 2:
    Dev acc: 97.6115%
  Train pass 3:
    Dev acc: 98.1608%
  Train pass 4:
    Dev acc: 98.4162%
  Train pass 5:
    Dev acc: 98.578%
  Train pass 6:
    Dev acc: 98.6887%
  Train pass 7:
    Dev acc: 98.8122%
  Train pass 8:
    Dev acc: 98.8675%
  Train pass 9:
    Dev acc: 98.9101%
  Train pass 10:
    Dev acc: 98.9271%
  Final dev acc: 98.9271%
Estimating tagger parameters.
  Train pass 1

    Dev acc: 98.6711%
  Train pass 2

    Dev acc: 99.5349%
  Train pass 3

    Dev acc: 99.7453%
  Train pass 4

    Dev acc: 99.8671%
  Train pass 5

    Dev acc: 99.928%
  Final dev acc: 99.928%
Storing model.

real	6m47.505s
user	6m46.144s
sys	0m1.789s
LOAD MODEL LOG
../../bin/finnpos-label: Loading tagger.
../../bin/finnpos-label: Reading from STDIN. Writing to STDOUT.

real	0m1.725s
user	0m1.632s
sys	0m0.095s
LABEL LOG
../../bin/finnpos-label: Loading tagger.
../../bin/finnpos-label: Reading from STDIN. Writing to STDOUT.

real	0m2.766s
user	0m2.639s
sys	0m0.128s
EVAL LOG
Comparing omorfi_no_sl_config.tagged and ../../data/tdt/tdt.omorfi.test.feats (gold standard).
Label accuracy for all words: 0.961209
Label accuracy for IV words:  0.974337
Label accuracy for OOV words: 0.911178
Lemma accuracy for all words: 0.924804
Lemma accuracy for IV words:  0.990049
Lemma accuracy for OOV words: 0.676148
