TRAINING LOG
Reading training data.
Training label guesser.
Reading development data.
Setting label guesses.
Estimating lemmatizer parameters.
  Train pass 1:
    Dev acc: 96.2449%
  Train pass 2:
    Dev acc: 97.6115%
  Train pass 3:
    Dev acc: 98.1608%
  Train pass 4:
    Dev acc: 98.4162%
  Train pass 5:
    Dev acc: 98.578%
  Train pass 6:
    Dev acc: 98.6887%
  Train pass 7:
    Dev acc: 98.8122%
  Train pass 8:
    Dev acc: 98.8675%
  Train pass 9:
    Dev acc: 98.9101%
  Train pass 10:
    Dev acc: 98.9271%
  Final dev acc: 98.9271%
Estimating tagger parameters.
  Train pass 1

    Dev acc: 98.505%
  Train pass 2

    Dev acc: 99.3854%
  Train pass 3

    Dev acc: 99.6512%
  Train pass 4

    Dev acc: 99.7674%
  Train pass 5

    Dev acc: 99.8228%
  Final dev acc: 99.8228%
Storing model.

real	6m8.637s
user	6m6.744s
sys	0m2.220s
LOAD MODEL LOG
../../bin/finnpos-label: Loading tagger.
../../bin/finnpos-label: Reading from STDIN. Writing to STDOUT.

real	0m2.911s
user	0m2.764s
sys	0m0.146s
LABEL LOG
../../bin/finnpos-label: Loading tagger.
../../bin/finnpos-label: Reading from STDIN. Writing to STDOUT.

real	0m4.024s
user	0m3.850s
sys	0m0.178s
EVAL LOG
Comparing omorfi_ustr_sl_config.tagged and ../../data/tdt/tdt.omorfi.test.feats (gold standard).
Label accuracy for all words: 0.961728
Label accuracy for IV words:  0.974272
Label accuracy for OOV words: 0.913922
Lemma accuracy for all words: 0.924441
Lemma accuracy for IV words:  0.989329
Lemma accuracy for OOV words: 0.677146
