Reading training data.
Training label guesser.
Reading development data.
Setting label guesses.
Average number of label candidates: 20.5989
Estimating lemmatizer parameters.
  Final dev acc: -100%
Estimating tagger parameters.
  Train pass 1

    Dev acc: 96.5378%
  Train pass 2

    Dev acc: 98.5705%
  Train pass 3

    Dev acc: 98.9505%
  Final dev acc: 98.9505%
Storing model.

real	3m55.283s
user	3m53.230s
sys	0m2.171s
LOAD MODEL LOG
../../bin/finnpos-label: Loading tagger.
../../bin/finnpos-label: Reading from STDIN. Writing to STDOUT.

real	0m2.822s
user	0m2.685s
sys	0m0.135s
LABEL LOG
../../bin/finnpos-label: Loading tagger.
../../bin/finnpos-label: Reading from STDIN. Writing to STDOUT.

real	0m5.044s
user	0m4.889s
sys	0m0.160s
EVAL LOG
Comparing beam_20_config.tagged and ../../data/ftb/ftb.test.feats (gold standard).
Label accuracy for all words: 0.931135
Label accuracy for IV words:  0.972462
Label accuracy for OOV words: 0.772905
Lemma accuracy for all words: 0.804977
Lemma accuracy for IV words:  0.990115
Lemma accuracy for OOV words: 0.096125
