Reading training data.
Training label guesser.
Reading development data.
Setting label guesses.
Average number of label candidates: 20.5989
Estimating lemmatizer parameters.
  Final dev acc: -100%
Estimating tagger parameters.
  Train pass 1

    Dev acc: 96.5257%
  Train pass 2

    Dev acc: 98.5946%
  Train pass 3

    Dev acc: 99.1073%
  Final dev acc: 99.1073%
Storing model.

real	2m49.977s
user	2m48.317s
sys	0m1.777s
LOAD MODEL LOG
../../bin/finnpos-label: Loading tagger.
../../bin/finnpos-label: Reading from STDIN. Writing to STDOUT.

real	0m2.783s
user	0m2.658s
sys	0m0.128s
LABEL LOG
../../bin/finnpos-label: Loading tagger.
../../bin/finnpos-label: Reading from STDIN. Writing to STDOUT.

real	0m4.902s
user	0m4.755s
sys	0m0.152s
EVAL LOG
Comparing beam_0.99_config.tagged and ../../data/ftb/ftb.test.feats (gold standard).
Label accuracy for all words: 0.931384
Label accuracy for IV words:  0.972383
Label accuracy for OOV words: 0.774407
Lemma accuracy for all words: 0.805101
Lemma accuracy for IV words:  0.990271
Lemma accuracy for OOV words: 0.096125
