Reading training data.
Training label guesser.
Reading development data.
Setting label guesses.
Average number of label candidates: 20.5989
Estimating lemmatizer parameters.
  Final dev acc: -100%
Estimating tagger parameters.
  Train pass 1

    Dev acc: 96.4473%
  Train pass 2

    Dev acc: 98.6549%
  Train pass 3

    Dev acc: 98.9444%
  Final dev acc: 98.9444%
Storing model.

real	2m49.549s
user	2m47.729s
sys	0m1.826s
LOAD MODEL LOG
../../bin/finnpos-label: Loading tagger.
../../bin/finnpos-label: Reading from STDIN. Writing to STDOUT.

real	0m2.643s
user	0m2.525s
sys	0m0.120s
LABEL LOG
../../bin/finnpos-label: Loading tagger.
../../bin/finnpos-label: Reading from STDIN. Writing to STDOUT.

real	0m5.068s
user	0m4.918s
sys	0m0.155s
EVAL LOG
Comparing beam_0.5_config.tagged and ../../data/ftb/ftb.test.feats (gold standard).
Label accuracy for all words: 0.930264
Label accuracy for IV words:  0.972619
Label accuracy for OOV words: 0.768099
Lemma accuracy for all words: 0.80535
Lemma accuracy for IV words:  0.990585
Lemma accuracy for OOV words: 0.096125
