Reading training data.
Training label guesser.
Reading development data.
Setting label guesses.
Average number of label candidates: 20.5989
Estimating lemmatizer parameters.
  Final dev acc: -100%
Estimating tagger parameters.
  Train pass 1

    Dev acc: 96.4473%
  Train pass 2

    Dev acc: 98.6549%
  Final dev acc: 98.6549%
Storing model.

real	2m16.612s
user	2m15.039s
sys	0m1.645s
LOAD MODEL LOG
../../bin/finnpos-label: Loading tagger.
../../bin/finnpos-label: Reading from STDIN. Writing to STDOUT.

real	0m2.626s
user	0m2.509s
sys	0m0.119s
LABEL LOG
../../bin/finnpos-label: Loading tagger.
../../bin/finnpos-label: Reading from STDIN. Writing to STDOUT.

real	0m4.963s
user	0m4.817s
sys	0m0.151s
EVAL LOG
Comparing beam_0.7_config.tagged and ../../data/ftb/ftb.test.feats (gold standard).
Label accuracy for all words: 0.932068
Label accuracy for IV words:  0.97254
Label accuracy for OOV words: 0.77711
Lemma accuracy for all words: 0.805412
Lemma accuracy for IV words:  0.990664
Lemma accuracy for OOV words: 0.096125
