Reading training data.
Training label guesser.
Reading development data.
Setting label guesses.
Average number of label candidates: 32.0592
Estimating lemmatizer parameters.
  Final dev acc: -100%
Estimating tagger parameters.
  Train pass 1

    Dev acc: 96.4835%
  Train pass 2

    Dev acc: 98.5464%
  Train pass 3

    Dev acc: 98.9384%
  Final dev acc: 98.9384%
Storing model.

real	3m55.639s
user	3m52.905s
sys	0m2.890s
LOAD MODEL LOG
../../bin/finnpos-label: Loading tagger.
../../bin/finnpos-label: Reading from STDIN. Writing to STDOUT.

real	0m2.687s
user	0m2.562s
sys	0m0.127s
LABEL LOG
../../bin/finnpos-label: Loading tagger.
../../bin/finnpos-label: Reading from STDIN. Writing to STDOUT.

real	0m5.231s
user	0m5.075s
sys	0m0.161s
EVAL LOG
Comparing guesses_35_config.tagged and ../../data/ftb/ftb.test.feats (gold standard).
Label accuracy for all words: 0.930389
Label accuracy for IV words:  0.972148
Label accuracy for OOV words: 0.770502
Lemma accuracy for all words: 0.80535
Lemma accuracy for IV words:  0.990585
Lemma accuracy for OOV words: 0.096125
