Reading training data.
Training label guesser.
Reading development data.
Setting label guesses.
Average number of label candidates: 20.5907
Estimating lemmatizer parameters.
  Final dev acc: -100%
Estimating tagger parameters.
  Train pass 1

    Dev acc: 96.4895%
  Train pass 2

    Dev acc: 98.5825%
  Final dev acc: 98.5825%
Storing model.

real	2m26.678s
user	2m24.944s
sys	0m1.815s
LOAD MODEL LOG
../../bin/finnpos-label: Loading tagger.
../../bin/finnpos-label: Reading from STDIN. Writing to STDOUT.

real	0m2.708s
user	0m2.582s
sys	0m0.128s
LABEL LOG
../../bin/finnpos-label: Loading tagger.
../../bin/finnpos-label: Reading from STDIN. Writing to STDOUT.

real	0m5.226s
user	0m5.064s
sys	0m0.167s
EVAL LOG
Comparing guesses_0.5_config.tagged and ../../data/ftb/ftb.test.feats (gold standard).
Label accuracy for all words: 0.932628
Label accuracy for IV words:  0.972619
Label accuracy for OOV words: 0.779513
Lemma accuracy for all words: 0.805412
Lemma accuracy for IV words:  0.990664
Lemma accuracy for OOV words: 0.096125
