Reading training data.
Training label guesser.
Reading development data.
Setting label guesses.
Average number of label candidates: 20.594
Estimating lemmatizer parameters.
  Final dev acc: -100%
Estimating tagger parameters.
  Train pass 1

    Dev acc: 96.586%
  Train pass 2

    Dev acc: 98.6368%
  Train pass 3

    Dev acc: 98.86%
  Final dev acc: 98.86%
Storing model.

real	3m1.137s
user	2m59.164s
sys	0m2.074s
LOAD MODEL LOG
../../bin/finnpos-label: Loading tagger.
../../bin/finnpos-label: Reading from STDIN. Writing to STDOUT.

real	0m2.711s
user	0m2.578s
sys	0m0.136s
LABEL LOG
../../bin/finnpos-label: Loading tagger.
../../bin/finnpos-label: Reading from STDIN. Writing to STDOUT.

real	0m5.094s
user	0m4.920s
sys	0m0.177s
EVAL LOG
Comparing guesses_0.99_config.tagged and ../../data/ftb/ftb.test.feats (gold standard).
Label accuracy for all words: 0.931135
Label accuracy for IV words:  0.972854
Label accuracy for OOV words: 0.771403
Lemma accuracy for all words: 0.805225
Lemma accuracy for IV words:  0.990428
Lemma accuracy for OOV words: 0.096125
