Reading training data.
Training label guesser.
Reading development data.
Setting label guesses.
Average number of label candidates: 24.0224
Estimating lemmatizer parameters.
  Final dev acc: -100%
Estimating tagger parameters.
  Train pass 1

    Dev acc: 96.5619%
  Train pass 2

    Dev acc: 98.7635%
  Train pass 3

    Dev acc: 99.053%
  Final dev acc: 99.053%
Storing model.

real	3m11.219s
user	3m9.071s
sys	0m2.261s
LOAD MODEL LOG
../../bin/finnpos-label: Loading tagger.
../../bin/finnpos-label: Reading from STDIN. Writing to STDOUT.

real	0m2.785s
user	0m2.659s
sys	0m0.129s
LABEL LOG
../../bin/finnpos-label: Loading tagger.
../../bin/finnpos-label: Reading from STDIN. Writing to STDOUT.

real	0m5.126s
user	0m4.973s
sys	0m0.157s
EVAL LOG
Comparing guesses_25_config.tagged and ../../data/ftb/ftb.test.feats (gold standard).
Label accuracy for all words: 0.93381
Label accuracy for IV words:  0.972697
Label accuracy for OOV words: 0.78492
Lemma accuracy for all words: 0.805537
Lemma accuracy for IV words:  0.990821
Lemma accuracy for OOV words: 0.096125
