Reading training data.
Training label guesser.
Reading development data.
Setting label guesses.
Average number of label candidates: 6.02147
Estimating lemmatizer parameters.
  Final dev acc: -100%
Estimating tagger parameters.
  Train pass 1

    Dev acc: 96.7549%
  Train pass 2

    Dev acc: 98.5946%
  Train pass 3

    Dev acc: 98.7394%
  Final dev acc: 98.7394%
Storing model.

real	1m42.024s
user	1m41.024s
sys	0m1.051s
LOAD MODEL LOG
../../bin/finnpos-label: Loading tagger.
../../bin/finnpos-label: Reading from STDIN. Writing to STDOUT.

real	0m2.572s
user	0m2.452s
sys	0m0.123s
LABEL LOG
../../bin/finnpos-label: Loading tagger.
../../bin/finnpos-label: Reading from STDIN. Writing to STDOUT.

real	0m4.547s
user	0m4.400s
sys	0m0.151s
EVAL LOG
Comparing guesses_5_config.tagged and ../../data/ftb/ftb.test.feats (gold standard).
Label accuracy for all words: 0.927341
Label accuracy for IV words:  0.972227
Label accuracy for OOV words: 0.755482
Lemma accuracy for all words: 0.805412
Lemma accuracy for IV words:  0.990664
Lemma accuracy for OOV words: 0.096125
